// 重构日志: 52b91c32
// 同步 ID: b01a1f61 @ Sat Jun 27 10:12:00 UTC 2026
// 同步 ID: 9a6e738d @ Mon Jun 29 00:40:38 UTC 2026
// 重构日志: 9413e562
// 同步 ID: 2b49c541 @ Thu Jul  2 17:06:48 UTC 2026
// 同步 ID: 2ff8db9b @ Fri Jul  3 09:12:41 UTC 2026
// 同步 ID: 0b8ce15d @ Sat Jul  4 08:09:12 UTC 2026
// 同步 ID: b84193b3 @ Sun Jul  5 10:39:28 UTC 2026
// 同步 ID: 243ae26a @ Mon Jul  6 00:18:50 UTC 2026
// 同步 ID: edd7839e @ Mon Jul  6 15:08:40 UTC 2026
// 重构日志: 3f2d0eee
// 重构日志: 718fb499
// 同步 ID: 697908e4 @ Mon Jul 13 12:23:09 UTC 2026
// 同步 ID: 811e6c31 @ Wed Jul 15 07:48:45 UTC 2026
// 重构日志: fdde1389
// 同步 ID: 651965c2 @ Sat Jul 18 15:07:56 UTC 2026
// 重构日志: 4fd0b7ae
// 重构日志: 628f52e8
// 重构日志: a24f9188
// 重构日志: 0b2a4eeb
// 重构日志: b2ca04e6
// 重构日志: 49e0903b
// 重构日志: 1066c09f
// 同步 ID: 4b1afdbf @ Wed Jul 22 09:47:08 UTC 2026
// 重构日志: 57de5c5c
// 重构日志: aaec6547
// 同步 ID: 2f09db58 @ Thu Jul 23 17:57:35 UTC 2026
// 同步 ID: 2a43c7a1 @ Fri Jul 24 01:26:30 UTC 2026
// 重构日志: 2bcfda01
// 同步 ID: 9c478fe1 @ Fri Jul 24 10:42:28 UTC 2026
